<?xml version="1.0" encoding="utf-8"?><testsuites name="pytest tests"><testsuite name="pytest" errors="0" failures="0" skipped="0" tests="27" time="5.362" timestamp="2026-08-15T11:52:56.907608+00:00" hostname="agent-env-519443a2-ebd5-4031-8cb9-5938269c5373"><testcase classname="tests.backend_test" name="test_api_root" time="0.193" /><testcase classname="tests.backend_test" name="test_list_tiles_public" time="0.050" /><testcase classname="tests.backend_test" name="test_list_tiles_filter_room" time="0.044" /><testcase classname="tests.backend_test" name="test_list_tiles_featured" time="0.042" /><testcase classname="tests.backend_test" name="test_get_tile_by_slug" time="0.095" /><testcase classname="tests.backend_test" name="test_get_tile_not_found" time="0.046" /><testcase classname="tests.backend_test" name="test_categories" time="0.043" /><testcase classname="tests.backend_test" name="test_category_by_slug" time="0.045" /><testcase classname="tests.backend_test" name="test_demo_photos" time="0.043" /><testcase classname="tests.backend_test" name="test_site_settings" time="0.042" /><testcase classname="tests.backend_test" name="test_blog_list" time="0.043" /><testcase classname="tests.backend_test" name="test_blog_detail" time="0.088" /><testcase classname="tests.backend_test" name="test_sitemap" time="0.051" /><testcase classname="tests.backend_test" name="test_login_invalid" time="0.321" /><testcase classname="tests.backend_test" name="test_login_success_and_me" time="0.422" /><testcase classname="tests.backend_test" name="test_me_unauthenticated" time="0.096" /><testcase classname="tests.backend_test" name="test_admin_endpoints_protected" time="0.097" /><testcase classname="tests.backend_test" name="test_admin_list_tiles" time="0.396" /><testcase classname="tests.backend_test" name="test_admin_list_demo_photos" time="0.043" /><testcase classname="tests.backend_test" name="test_admin_list_blog" time="0.045" /><testcase classname="tests.backend_test" name="test_tile_create_update_delete" time="0.266" /><testcase classname="tests.backend_test" name="test_demo_photo_crud" time="0.179" /><testcase classname="tests.backend_test" name="test_blog_crud" time="0.330" /><testcase classname="tests.backend_test" name="test_category_update" time="0.141" /><testcase classname="tests.backend_test" name="test_site_settings_update" time="0.274" /><testcase classname="tests.backend_test" name="test_image_upload" time="0.997" /><testcase classname="tests.backend_test" name="test_logout_flow" time="0.412" /></testsuite></testsuites>