<?xml version="1.0" encoding="utf-8"?><testsuites name="pytest tests"><testsuite name="pytest" errors="0" failures="0" skipped="0" tests="31" time="9.740" timestamp="2026-08-29T14:58:21.956773+00:00" hostname="agent-env-519443a2-ebd5-4031-8cb9-5938269c5373"><testcase classname="tests.backend_test" name="test_api_root" time="0.352" /><testcase classname="tests.backend_test" name="test_list_tiles_public" time="0.088" /><testcase classname="tests.backend_test" name="test_list_tiles_filter_room" time="0.081" /><testcase classname="tests.backend_test" name="test_list_tiles_featured" time="0.082" /><testcase classname="tests.backend_test" name="test_get_tile_by_slug" time="0.163" /><testcase classname="tests.backend_test" name="test_get_tile_not_found" time="0.076" /><testcase classname="tests.backend_test" name="test_categories" time="0.081" /><testcase classname="tests.backend_test" name="test_category_by_slug" time="0.079" /><testcase classname="tests.backend_test" name="test_demo_photos" time="0.094" /><testcase classname="tests.backend_test" name="test_site_settings" time="0.079" /><testcase classname="tests.backend_test" name="test_blog_list" time="0.078" /><testcase classname="tests.backend_test" name="test_blog_detail" time="0.157" /><testcase classname="tests.backend_test" name="test_sitemap" time="0.083" /><testcase classname="tests.backend_test" name="test_login_invalid" time="0.411" /><testcase classname="tests.backend_test" name="test_login_success_and_me" time="0.457" /><testcase classname="tests.backend_test" name="test_me_unauthenticated" time="0.145" /><testcase classname="tests.backend_test" name="test_admin_endpoints_protected" time="0.166" /><testcase classname="tests.backend_test" name="test_admin_list_tiles" time="0.474" /><testcase classname="tests.backend_test" name="test_admin_list_demo_photos" time="0.097" /><testcase classname="tests.backend_test" name="test_admin_list_blog" time="0.074" /><testcase classname="tests.backend_test" name="test_tile_create_update_delete" time="0.591" /><testcase classname="tests.backend_test" name="test_demo_photo_crud" time="0.327" /><testcase classname="tests.backend_test" name="test_blog_crud" time="0.614" /><testcase classname="tests.backend_test" name="test_category_update" time="0.266" /><testcase classname="tests.backend_test" name="test_site_settings_update" time="0.569" /><testcase classname="tests.backend_test" name="test_image_upload" time="1.079" /><testcase classname="tests.backend_test" name="test_logout_flow" time="0.533" /><testcase classname="tests.backend_test" name="test_catalogue_categories_endpoint" time="0.123" /><testcase classname="tests.backend_test" name="test_catalogues_public_list_empty_or_ok" time="0.080" /><testcase classname="tests.backend_test" name="test_catalogue_pdf_upload_and_crud" time="1.535" /><testcase classname="tests.backend_test" name="test_demo_photo_count_regression" time="0.096" /></testsuite></testsuites>